# Logfile created on 2014-02-22 17:23:32 +0100 by logger.rb/31641
I, [2014-02-22T17:23:32.272134 #30695]  INFO -- : 0:  rake (10.1.1) from /Users/aitor/.rvm/gems/ruby-2.1.0/specifications/rake-10.1.1.gemspec
I, [2014-02-22T17:23:32.278126 #30695]  INFO -- : 0:  i18n (0.6.9) from /Users/aitor/.rvm/gems/ruby-2.1.0/specifications/i18n-0.6.9.gemspec
I, [2014-02-22T17:23:32.278616 #30695]  INFO -- : 0:  minitest (4.7.5) from /Users/aitor/.rvm/gems/ruby-2.1.0/specifications/minitest-4.7.5.gemspec
I, [2014-02-22T17:23:32.279037 #30695]  INFO -- : 0:  multi_json (1.8.4) from /Users/aitor/.rvm/gems/ruby-2.1.0/specifications/multi_json-1.8.4.gemspec
I, [2014-02-22T17:23:32.279430 #30695]  INFO -- : 0:  atomic (1.1.14) from /Users/aitor/.rvm/gems/ruby-2.1.0/specifications/atomic-1.1.14.gemspec
I, [2014-02-22T17:23:32.279841 #30695]  INFO -- : 0:  thread_safe (0.1.3) from /Users/aitor/.rvm/gems/ruby-2.1.0/specifications/thread_safe-0.1.3.gemspec
I, [2014-02-22T17:23:32.280238 #30695]  INFO -- : 0:  tzinfo (0.3.38) from /Users/aitor/.rvm/gems/ruby-2.1.0/specifications/tzinfo-0.3.38.gemspec
I, [2014-02-22T17:23:32.280647 #30695]  INFO -- : 0:  activesupport (4.0.2) from /Users/aitor/.rvm/gems/ruby-2.1.0/specifications/activesupport-4.0.2.gemspec
I, [2014-02-22T17:23:32.281026 #30695]  INFO -- : 0:  builder (3.1.4) from /Users/aitor/.rvm/gems/ruby-2.1.0/specifications/builder-3.1.4.gemspec
I, [2014-02-22T17:23:32.281490 #30695]  INFO -- : 0:  erubis (2.7.0) from /Users/aitor/.rvm/gems/ruby-2.1.0/specifications/erubis-2.7.0.gemspec
I, [2014-02-22T17:23:32.282270 #30695]  INFO -- : 0:  rack (1.5.2) from /Users/aitor/.rvm/gems/ruby-2.1.0/specifications/rack-1.5.2.gemspec
I, [2014-02-22T17:23:32.282774 #30695]  INFO -- : 0:  rack-test (0.6.2) from /Users/aitor/.rvm/gems/ruby-2.1.0/specifications/rack-test-0.6.2.gemspec
I, [2014-02-22T17:23:32.283287 #30695]  INFO -- : 0:  actionpack (4.0.2) from /Users/aitor/.rvm/gems/ruby-2.1.0/specifications/actionpack-4.0.2.gemspec
I, [2014-02-22T17:23:32.283769 #30695]  INFO -- : 0:  mime-types (1.25.1) from /Users/aitor/.rvm/gems/ruby-2.1.0/specifications/mime-types-1.25.1.gemspec
I, [2014-02-22T17:23:32.284236 #30695]  INFO -- : 0:  polyglot (0.3.4) from /Users/aitor/.rvm/gems/ruby-2.1.0/specifications/polyglot-0.3.4.gemspec
I, [2014-02-22T17:23:32.284707 #30695]  INFO -- : 0:  treetop (1.4.15) from /Users/aitor/.rvm/gems/ruby-2.1.0/specifications/treetop-1.4.15.gemspec
I, [2014-02-22T17:23:32.285204 #30695]  INFO -- : 0:  mail (2.5.4) from /Users/aitor/.rvm/gems/ruby-2.1.0/specifications/mail-2.5.4.gemspec
I, [2014-02-22T17:23:32.285646 #30695]  INFO -- : 0:  actionmailer (4.0.2) from /Users/aitor/.rvm/gems/ruby-2.1.0/specifications/actionmailer-4.0.2.gemspec
I, [2014-02-22T17:23:32.286097 #30695]  INFO -- : 0:  activemodel (4.0.2) from /Users/aitor/.rvm/gems/ruby-2.1.0/specifications/activemodel-4.0.2.gemspec
I, [2014-02-22T17:23:32.286554 #30695]  INFO -- : 0:  activerecord-deprecated_finders (1.0.3) from /Users/aitor/.rvm/gems/ruby-2.1.0/specifications/activerecord-deprecated_finders-1.0.3.gemspec
I, [2014-02-22T17:23:32.287025 #30695]  INFO -- : 0:  arel (4.0.2) from /Users/aitor/.rvm/gems/ruby-2.1.0/specifications/arel-4.0.2.gemspec
I, [2014-02-22T17:23:32.287515 #30695]  INFO -- : 0:  activerecord (4.0.2) from /Users/aitor/.rvm/gems/ruby-2.1.0/specifications/activerecord-4.0.2.gemspec
I, [2014-02-22T17:23:32.288029 #30695]  INFO -- : 0:  bcrypt-ruby (3.1.2) from /Users/aitor/.rvm/gems/ruby-2.1.0/specifications/bcrypt-ruby-3.1.2.gemspec
I, [2014-02-22T17:23:32.288498 #30695]  INFO -- : 0:  coderay (1.1.0) from /Users/aitor/.rvm/gems/ruby-2.1.0/specifications/coderay-1.1.0.gemspec
I, [2014-02-22T17:23:32.288986 #30695]  INFO -- : 0:  better_errors (1.0.1) from /Users/aitor/.rvm/gems/ruby-2.1.0/specifications/better_errors-1.0.1.gemspec
I, [2014-02-22T17:23:32.289484 #30695]  INFO -- : 0:  debug_inspector (0.0.2) from /Users/aitor/.rvm/gems/ruby-2.1.0/specifications/debug_inspector-0.0.2.gemspec
I, [2014-02-22T17:23:32.289939 #30695]  INFO -- : 0:  binding_of_caller (0.7.2) from /Users/aitor/.rvm/gems/ruby-2.1.0/specifications/binding_of_caller-0.7.2.gemspec
I, [2014-02-22T17:23:32.290466 #30695]  INFO -- : 0:  sass (3.2.14) from /Users/aitor/.rvm/gems/ruby-2.1.0/specifications/sass-3.2.14.gemspec
I, [2014-02-22T17:23:32.290923 #30695]  INFO -- : 0:  thor (0.18.1) from /Users/aitor/.rvm/gems/ruby-2.1.0/specifications/thor-0.18.1.gemspec
I, [2014-02-22T17:23:32.291369 #30695]  INFO -- : 0:  bourbon (3.1.8) from /Users/aitor/.rvm/gems/ruby-2.1.0/specifications/bourbon-3.1.8.gemspec
I, [2014-02-22T17:23:32.291911 #30695]  INFO -- : 0:  bundler (1.5.1) from /Users/aitor/.rvm/gems/ruby-2.1.0@global/specifications/bundler-1.5.1.gemspec
I, [2014-02-22T17:23:32.292340 #30695]  INFO -- : 0:  coffee-script-source (1.7.0) from /Users/aitor/.rvm/gems/ruby-2.1.0/specifications/coffee-script-source-1.7.0.gemspec
I, [2014-02-22T17:23:32.292803 #30695]  INFO -- : 0:  execjs (2.0.2) from /Users/aitor/.rvm/gems/ruby-2.1.0/specifications/execjs-2.0.2.gemspec
I, [2014-02-22T17:23:32.293258 #30695]  INFO -- : 0:  coffee-script (2.2.0) from /Users/aitor/.rvm/gems/ruby-2.1.0/specifications/coffee-script-2.2.0.gemspec
I, [2014-02-22T17:23:32.293680 #30695]  INFO -- : 0:  railties (4.0.2) from /Users/aitor/.rvm/gems/ruby-2.1.0/specifications/railties-4.0.2.gemspec
I, [2014-02-22T17:23:32.294148 #30695]  INFO -- : 0:  coffee-rails (4.0.1) from /Users/aitor/.rvm/gems/ruby-2.1.0/specifications/coffee-rails-4.0.1.gemspec
I, [2014-02-22T17:23:32.294603 #30695]  INFO -- : 0:  orm_adapter (0.5.0) from /Users/aitor/.rvm/gems/ruby-2.1.0/specifications/orm_adapter-0.5.0.gemspec
I, [2014-02-22T17:23:32.295015 #30695]  INFO -- : 0:  warden (1.2.3) from /Users/aitor/.rvm/gems/ruby-2.1.0/specifications/warden-1.2.3.gemspec
I, [2014-02-22T17:23:32.295445 #30695]  INFO -- : 0:  devise (3.2.2) from /Users/aitor/.rvm/gems/ruby-2.1.0/specifications/devise-3.2.2.gemspec
I, [2014-02-22T17:23:32.295873 #30695]  INFO -- : 0:  hike (1.2.3) from /Users/aitor/.rvm/gems/ruby-2.1.0/specifications/hike-1.2.3.gemspec
I, [2014-02-22T17:23:32.296293 #30695]  INFO -- : 0:  jbuilder (1.5.3) from /Users/aitor/.rvm/gems/ruby-2.1.0/specifications/jbuilder-1.5.3.gemspec
I, [2014-02-22T17:23:32.296720 #30695]  INFO -- : 0:  jquery-rails (3.1.0) from /Users/aitor/.rvm/gems/ruby-2.1.0/specifications/jquery-rails-3.1.0.gemspec
I, [2014-02-22T17:23:32.297169 #30695]  INFO -- : 0:  json (1.8.1) from /Users/aitor/.rvm/gems/ruby-2.1.0/specifications/json-1.8.1.gemspec
I, [2014-02-22T17:23:32.297554 #30695]  INFO -- : 0:  pg (0.17.1) from /Users/aitor/.rvm/gems/ruby-2.1.0/specifications/pg-0.17.1.gemspec
I, [2014-02-22T17:23:32.297960 #30695]  INFO -- : 0:  tilt (1.4.1) from /Users/aitor/.rvm/gems/ruby-2.1.0/specifications/tilt-1.4.1.gemspec
I, [2014-02-22T17:23:32.298352 #30695]  INFO -- : 0:  sprockets (2.10.1) from /Users/aitor/.rvm/gems/ruby-2.1.0/specifications/sprockets-2.10.1.gemspec
I, [2014-02-22T17:23:32.298740 #30695]  INFO -- : 0:  sprockets-rails (2.0.1) from /Users/aitor/.rvm/gems/ruby-2.1.0/specifications/sprockets-rails-2.0.1.gemspec
I, [2014-02-22T17:23:32.299122 #30695]  INFO -- : 0:  rails (4.0.2) from /Users/aitor/.rvm/gems/ruby-2.1.0/specifications/rails-4.0.2.gemspec
I, [2014-02-22T17:23:32.299522 #30695]  INFO -- : 0:  rdoc (4.1.1) from /Users/aitor/.rvm/gems/ruby-2.1.0/specifications/rdoc-4.1.1.gemspec
I, [2014-02-22T17:23:32.299904 #30695]  INFO -- : 0:  sass-rails (4.0.1) from /Users/aitor/.rvm/gems/ruby-2.1.0/specifications/sass-rails-4.0.1.gemspec
I, [2014-02-22T17:23:32.300285 #30695]  INFO -- : 0:  sdoc (0.4.0) from /Users/aitor/.rvm/gems/ruby-2.1.0/specifications/sdoc-0.4.0.gemspec
I, [2014-02-22T17:23:32.300650 #30695]  INFO -- : 0:  turbolinks (2.2.1) from /Users/aitor/.rvm/gems/ruby-2.1.0/specifications/turbolinks-2.2.1.gemspec
I, [2014-02-22T17:23:32.301041 #30695]  INFO -- : 0:  uglifier (2.4.0) from /Users/aitor/.rvm/gems/ruby-2.1.0/specifications/uglifier-2.4.0.gemspec
